# JRE version: OpenJDK Runtime Environment (8.0_112-b06) (build 1.8.0_112-release-b06)
# Java VM: OpenJDK 64-Bit Server VM (25.112-b06 mixed mode windows-amd64 compressed oops)
Heap:
 PSYoungGen      total 370176K, used 288041K [0x00000000e0000000, 0x00000000fab80000, 0x0000000100000000)
  eden space 318464K, 90% used [0x00000000e0000000,0x00000000f194a5d8,0x00000000f3700000)
  from space 51712K, 0% used [0x00000000f6d00000,0x00000000f6d00000,0x00000000f9f80000)
  to   space 55296K, 0% used [0x00000000f3700000,0x00000000f3700000,0x00000000f6d00000)
 ParOldGen       total 236544K, used 144825K [0x00000000a0000000, 0x00000000ae700000, 0x00000000e0000000)
  object space 236544K, 61% used [0x00000000a0000000,0x00000000a8d6e4b8,0x00000000ae700000)
 Metaspace       used 65330K, capacity 67978K, committed 68224K, reserved 1107968K
  class space    used 8620K, capacity 9260K, committed 9344K, reserved 1048576K
GC Heap History (10 events):
Event: 374.972 GC heap before
{Heap before GC invocations=26 (full 4):
 PSYoungGen      total 288768K, used 27828K [0x00000000e0000000, 0x00000000f4600000, 0x0000000100000000)
  eden space 254976K, 0% used [0x00000000e0000000,0x00000000e0000000,0x00000000ef900000)
  from space 33792K, 82% used [0x00000000f1d80000,0x00000000f38ad090,0x00000000f3e80000)
  to   space 37376K, 0% used [0x00000000ef900000,0x00000000ef900000,0x00000000f1d80000)
 ParOldGen       total 86016K, used 83789K [0x00000000a0000000, 0x00000000a5400000, 0x00000000e0000000)
  object space 86016K, 97% used [0x00000000a0000000,0x00000000a51d36a8,0x00000000a5400000)
 Metaspace       used 65295K, capacity 67914K, committed 68224K, reserved 1107968K
  class space    used 8620K, capacity 9260K, committed 9344K, reserved 1048576K
Event: 376.570 GC heap after
Heap after GC invocations=26 (full 4):
 PSYoungGen      total 288768K, used 23019K [0x00000000e0000000, 0x00000000f4600000, 0x0000000100000000)
  eden space 254976K, 0% used [0x00000000e0000000,0x00000000e0000000,0x00000000ef900000)
  from space 33792K, 68% used [0x00000000f1d80000,0x00000000f33fae68,0x00000000f3e80000)
  to   space 37376K, 0% used [0x00000000ef900000,0x00000000ef900000,0x00000000f1d80000)
 ParOldGen       total 141824K, used 85566K [0x00000000a0000000, 0x00000000a8a80000, 0x00000000e0000000)
  object space 141824K, 60% used [0x00000000a0000000,0x00000000a538fbf0,0x00000000a8a80000)
 Metaspace       used 65295K, capacity 67914K, committed 68224K, reserved 1107968K
  class space    used 8620K, capacity 9260K, committed 9344K, reserved 1048576K
}
Event: 378.132 GC heap before
{Heap before GC invocations=27 (full 4):
 PSYoungGen      total 288768K, used 277995K [0x00000000e0000000, 0x00000000f4600000, 0x0000000100000000)
  eden space 254976K, 100% used [0x00000000e0000000,0x00000000ef900000,0x00000000ef900000)
  from space 33792K, 68% used [0x00000000f1d80000,0x00000000f33fae68,0x00000000f3e80000)
  to   space 37376K, 0% used [0x00000000ef900000,0x00000000ef900000,0x00000000f1d80000)
 ParOldGen       total 141824K, used 85566K [0x00000000a0000000, 0x00000000a8a80000, 0x00000000e0000000)
  object space 141824K, 60% used [0x00000000a0000000,0x00000000a538fbf0,0x00000000a8a80000)
 Metaspace       used 65306K, capacity 67914K, committed 68224K, reserved 1107968K
  class space    used 8620K, capacity 9260K, committed 9344K, reserved 1048576K
Event: 378.269 GC heap after
Heap after GC invocations=27 (full 4):
 PSYoungGen      total 292352K, used 37352K [0x00000000e0000000, 0x00000000f9f80000, 0x0000000100000000)
  eden space 254976K, 0% used [0x00000000e0000000,0x00000000e0000000,0x00000000ef900000)
  from space 37376K, 99% used [0x00000000ef900000,0x00000000f1d7a2d0,0x00000000f1d80000)
  to   space 51712K, 0% used [0x00000000f6d00000,0x00000000f6d00000,0x00000000f9f80000)
 ParOldGen       total 141824K, used 108373K [0x00000000a0000000, 0x00000000a8a80000, 0x00000000e0000000)
  object space 141824K, 76% used [0x00000000a0000000,0x00000000a69d5650,0x00000000a8a80000)
 Metaspace       used 65306K, capacity 67914K, committed 68224K, reserved 1107968K
  class space    used 8620K, capacity 9260K, committed 9344K, reserved 1048576K
}
Event: 380.147 GC heap before
{Heap before GC invocations=28 (full 4):
 PSYoungGen      total 292352K, used 292328K [0x00000000e0000000, 0x00000000f9f80000, 0x0000000100000000)
  eden space 254976K, 100% used [0x00000000e0000000,0x00000000ef900000,0x00000000ef900000)
  from space 37376K, 99% used [0x00000000ef900000,0x00000000f1d7a2d0,0x00000000f1d80000)
  to   space 51712K, 0% used [0x00000000f6d00000,0x00000000f6d00000,0x00000000f9f80000)
 ParOldGen       total 141824K, used 108373K [0x00000000a0000000, 0x00000000a8a80000, 0x00000000e0000000)
  object space 141824K, 76% used [0x00000000a0000000,0x00000000a69d5650,0x00000000a8a80000)
 Metaspace       used 65314K, capacity 67914K, committed 68224K, reserved 1107968K
  class space    used 8620K, capacity 9260K, committed 9344K, reserved 1048576K
Event: 380.314 GC heap after
Heap after GC invocations=28 (full 4):
 PSYoungGen      total 370176K, used 37777K [0x00000000e0000000, 0x00000000fab80000, 0x0000000100000000)
  eden space 318464K, 0% used [0x00000000e0000000,0x00000000e0000000,0x00000000f3700000)
  from space 51712K, 73% used [0x00000000f6d00000,0x00000000f91e45b0,0x00000000f9f80000)
  to   space 55296K, 0% used [0x00000000f3700000,0x00000000f3700000,0x00000000f6d00000)
 ParOldGen       total 144896K, used 144404K [0x00000000a0000000, 0x00000000a8d80000, 0x00000000e0000000)
  object space 144896K, 99% used [0x00000000a0000000,0x00000000a8d05028,0x00000000a8d80000)
 Metaspace       used 65314K, capacity 67914K, committed 68224K, reserved 1107968K
  class space    used 8620K, capacity 9260K, committed 9344K, reserved 1048576K
}
Event: 380.314 GC heap before
{Heap before GC invocations=29 (full 5):
 PSYoungGen      total 370176K, used 37777K [0x00000000e0000000, 0x00000000fab80000, 0x0000000100000000)
  eden space 318464K, 0% used [0x00000000e0000000,0x00000000e0000000,0x00000000f3700000)
  from space 51712K, 73% used [0x00000000f6d00000,0x00000000f91e45b0,0x00000000f9f80000)
  to   space 55296K, 0% used [0x00000000f3700000,0x00000000f3700000,0x00000000f6d00000)
 ParOldGen       total 144896K, used 144404K [0x00000000a0000000, 0x00000000a8d80000, 0x00000000e0000000)
  object space 144896K, 99% used [0x00000000a0000000,0x00000000a8d05028,0x00000000a8d80000)
 Metaspace       used 65314K, capacity 67914K, committed 68224K, reserved 1107968K
  class space    used 8620K, capacity 9260K, committed 9344K, reserved 1048576K
Event: 381.734 GC heap after
Heap after GC invocations=29 (full 5):
 PSYoungGen      total 370176K, used 35982K [0x00000000e0000000, 0x00000000fab80000, 0x0000000100000000)
  eden space 318464K, 0% used [0x00000000e0000000,0x00000000e0000000,0x00000000f3700000)
  from space 51712K, 69% used [0x00000000f6d00000,0x00000000f9023b80,0x00000000f9f80000)
  to   space 55296K, 0% used [0x00000000f3700000,0x00000000f3700000,0x00000000f6d00000)
 ParOldGen       total 144896K, used 144533K [0x00000000a0000000, 0x00000000a8d80000, 0x00000000e0000000)
  object space 144896K, 99% used [0x00000000a0000000,0x00000000a8d25648,0x00000000a8d80000)
 Metaspace       used 65314K, capacity 67914K, committed 68224K, reserved 1107968K
  class space    used 8620K, capacity 9260K, committed 9344K, reserved 1048576K
}
Event: 383.174 GC heap before
{Heap before GC invocations=30 (full 6):
 PSYoungGen      total 370176K, used 354446K [0x00000000e0000000, 0x00000000fab80000, 0x0000000100000000)
  eden space 318464K, 100% used [0x00000000e0000000,0x00000000f3700000,0x00000000f3700000)
  from space 51712K, 69% used [0x00000000f6d00000,0x00000000f9023b80,0x00000000f9f80000)
  to   space 55296K, 0% used [0x00000000f3700000,0x00000000f3700000,0x00000000f6d00000)
 ParOldGen       total 144896K, used 144533K [0x00000000a0000000, 0x00000000a8d80000, 0x00000000e0000000)
  object space 144896K, 99% used [0x00000000a0000000,0x00000000a8d25648,0x00000000a8d80000)
 Metaspace       used 65319K, capacity 67914K, committed 68224K, reserved 1107968K
  class space    used 8620K, capacity 9260K, committed 9344K, reserved 1048576K
Event: 384.589 GC heap after
Heap after GC invocations=30 (full 6):
 PSYoungGen      total 370176K, used 73258K [0x00000000e0000000, 0x00000000fab80000, 0x0000000100000000)
  eden space 318464K, 23% used [0x00000000e0000000,0x00000000e478aa68,0x00000000f3700000)
  from space 51712K, 0% used [0x00000000f6d00000,0x00000000f6d00000,0x00000000f9f80000)
  to   space 55296K, 0% used [0x00000000f3700000,0x00000000f3700000,0x00000000f6d00000)
 ParOldGen       total 236544K, used 144825K [0x00000000a0000000, 0x00000000ae700000, 0x00000000e0000000)
  object space 236544K, 61% used [0x00000000a0000000,0x00000000a8d6e4b8,0x00000000ae700000)
 Metaspace       used 65319K, capacity 67914K, committed 68224K, reserved 1107968K
  class space    used 8620K, capacity 9260K, committed 9344K, reserved 1048576K
}

