# JRE version: OpenJDK Runtime Environment (8.0_112-b06) (build 1.8.0_112-release-b06)
# Java VM: OpenJDK 64-Bit Server VM (25.112-b06 mixed mode windows-amd64 compressed oops)
Heap:
 PSYoungGen      total 27648K, used 26041K [0x00000000e0000000, 0x00000000e2280000, 0x0000000100000000)
  eden space 24064K, 95% used [0x00000000e0000000,0x00000000e165fd98,0x00000000e1780000)
  from space 3584K, 87% used [0x00000000e1a00000,0x00000000e1d0ea28,0x00000000e1d80000)
  to   space 5120K, 0% used [0x00000000e1d80000,0x00000000e1d80000,0x00000000e2280000)
 ParOldGen       total 38912K, used 26703K [0x00000000a0000000, 0x00000000a2600000, 0x00000000e0000000)
  object space 38912K, 68% used [0x00000000a0000000,0x00000000a1a13e08,0x00000000a2600000)
 Metaspace       used 47990K, capacity 49554K, committed 49664K, reserved 1091584K
  class space    used 6518K, capacity 6861K, committed 6912K, reserved 1048576K
GC Heap History (10 events):
Event: 125.840 GC heap before
{Heap before GC invocations=21 (full 2):
 PSYoungGen      total 32768K, used 29730K [0x00000000e0000000, 0x00000000e2c80000, 0x0000000100000000)
  eden space 26112K, 100% used [0x00000000e0000000,0x00000000e1980000,0x00000000e1980000)
  from space 6656K, 54% used [0x00000000e1f80000,0x00000000e2308bd0,0x00000000e2600000)
  to   space 6144K, 0% used [0x00000000e1980000,0x00000000e1980000,0x00000000e1f80000)
 ParOldGen       total 38912K, used 18583K [0x00000000a0000000, 0x00000000a2600000, 0x00000000e0000000)
  object space 38912K, 47% used [0x00000000a0000000,0x00000000a1225c68,0x00000000a2600000)
 Metaspace       used 39021K, capacity 39886K, committed 40064K, reserved 1083392K
  class space    used 5236K, capacity 5453K, committed 5504K, reserved 1048576K
Event: 125.860 GC heap after
Heap after GC invocations=21 (full 2):
 PSYoungGen      total 32256K, used 2758K [0x00000000e0000000, 0x00000000e2d80000, 0x0000000100000000)
  eden space 26112K, 0% used [0x00000000e0000000,0x00000000e0000000,0x00000000e1980000)
  from space 6144K, 44% used [0x00000000e1980000,0x00000000e1c31a68,0x00000000e1f80000)
  to   space 6144K, 0% used [0x00000000e2780000,0x00000000e2780000,0x00000000e2d80000)
 ParOldGen       total 38912K, used 21794K [0x00000000a0000000, 0x00000000a2600000, 0x00000000e0000000)
  object space 38912K, 56% used [0x00000000a0000000,0x00000000a1548a80,0x00000000a2600000)
 Metaspace       used 39021K, capacity 39886K, committed 40064K, reserved 1083392K
  class space    used 5236K, capacity 5453K, committed 5504K, reserved 1048576K
}
Event: 154.559 GC heap before
{Heap before GC invocations=22 (full 2):
 PSYoungGen      total 32256K, used 28870K [0x00000000e0000000, 0x00000000e2d80000, 0x0000000100000000)
  eden space 26112K, 100% used [0x00000000e0000000,0x00000000e1980000,0x00000000e1980000)
  from space 6144K, 44% used [0x00000000e1980000,0x00000000e1c31a68,0x00000000e1f80000)
  to   space 6144K, 0% used [0x00000000e2780000,0x00000000e2780000,0x00000000e2d80000)
 ParOldGen       total 38912K, used 21794K [0x00000000a0000000, 0x00000000a2600000, 0x00000000e0000000)
  object space 38912K, 56% used [0x00000000a0000000,0x00000000a1548a80,0x00000000a2600000)
 Metaspace       used 43526K, capacity 44538K, committed 44800K, reserved 1087488K
  class space    used 5861K, capacity 6089K, committed 6144K, reserved 1048576K
Event: 154.566 GC heap after
Heap after GC invocations=22 (full 2):
 PSYoungGen      total 28160K, used 2549K [0x00000000e0000000, 0x00000000e2a00000, 0x0000000100000000)
  eden space 25600K, 0% used [0x00000000e0000000,0x00000000e0000000,0x00000000e1900000)
  from space 2560K, 99% used [0x00000000e2780000,0x00000000e29fd7d8,0x00000000e2a00000)
  to   space 6144K, 0% used [0x00000000e1e00000,0x00000000e1e00000,0x00000000e2400000)
 ParOldGen       total 38912K, used 23914K [0x00000000a0000000, 0x00000000a2600000, 0x00000000e0000000)
  object space 38912K, 61% used [0x00000000a0000000,0x00000000a175aa80,0x00000000a2600000)
 Metaspace       used 43526K, capacity 44538K, committed 44800K, reserved 1087488K
  class space    used 5861K, capacity 6089K, committed 6144K, reserved 1048576K
}
Event: 155.913 GC heap before
{Heap before GC invocations=23 (full 2):
 PSYoungGen      total 28160K, used 28149K [0x00000000e0000000, 0x00000000e2a00000, 0x0000000100000000)
  eden space 25600K, 100% used [0x00000000e0000000,0x00000000e1900000,0x00000000e1900000)
  from space 2560K, 99% used [0x00000000e2780000,0x00000000e29fd7d8,0x00000000e2a00000)
  to   space 6144K, 0% used [0x00000000e1e00000,0x00000000e1e00000,0x00000000e2400000)
 ParOldGen       total 38912K, used 23914K [0x00000000a0000000, 0x00000000a2600000, 0x00000000e0000000)
  object space 38912K, 61% used [0x00000000a0000000,0x00000000a175aa80,0x00000000a2600000)
 Metaspace       used 44090K, capacity 45156K, committed 45440K, reserved 1089536K
  class space    used 5912K, capacity 6152K, committed 6272K, reserved 1048576K
Event: 155.918 GC heap after
Heap after GC invocations=23 (full 2):
 PSYoungGen      total 26624K, used 1393K [0x00000000e0000000, 0x00000000e2800000, 0x0000000100000000)
  eden space 25088K, 0% used [0x00000000e0000000,0x00000000e0000000,0x00000000e1880000)
  from space 1536K, 90% used [0x00000000e1e00000,0x00000000e1f5c578,0x00000000e1f80000)
  to   space 6144K, 0% used [0x00000000e2200000,0x00000000e2200000,0x00000000e2800000)
 ParOldGen       total 38912K, used 24887K [0x00000000a0000000, 0x00000000a2600000, 0x00000000e0000000)
  object space 38912K, 63% used [0x00000000a0000000,0x00000000a184dc78,0x00000000a2600000)
 Metaspace       used 44090K, capacity 45156K, committed 45440K, reserved 1089536K
  class space    used 5912K, capacity 6152K, committed 6272K, reserved 1048576K
}
Event: 182.129 GC heap before
{Heap before GC invocations=24 (full 2):
 PSYoungGen      total 26624K, used 26481K [0x00000000e0000000, 0x00000000e2800000, 0x0000000100000000)
  eden space 25088K, 100% used [0x00000000e0000000,0x00000000e1880000,0x00000000e1880000)
  from space 1536K, 90% used [0x00000000e1e00000,0x00000000e1f5c578,0x00000000e1f80000)
  to   space 6144K, 0% used [0x00000000e2200000,0x00000000e2200000,0x00000000e2800000)
 ParOldGen       total 38912K, used 24887K [0x00000000a0000000, 0x00000000a2600000, 0x00000000e0000000)
  object space 38912K, 63% used [0x00000000a0000000,0x00000000a184dc78,0x00000000a2600000)
 Metaspace       used 45834K, capacity 47102K, committed 47232K, reserved 1089536K
  class space    used 6155K, capacity 6419K, committed 6528K, reserved 1048576K
Event: 182.137 GC heap after
Heap after GC invocations=24 (full 2):
 PSYoungGen      total 27648K, used 2818K [0x00000000e0000000, 0x00000000e2500000, 0x0000000100000000)
  eden space 24576K, 0% used [0x00000000e0000000,0x00000000e0000000,0x00000000e1800000)
  from space 3072K, 91% used [0x00000000e2200000,0x00000000e24c0848,0x00000000e2500000)
  to   space 5632K, 0% used [0x00000000e1a00000,0x00000000e1a00000,0x00000000e1f80000)
 ParOldGen       total 38912K, used 25075K [0x00000000a0000000, 0x00000000a2600000, 0x00000000e0000000)
  object space 38912K, 64% used [0x00000000a0000000,0x00000000a187cda8,0x00000000a2600000)
 Metaspace       used 45834K, capacity 47102K, committed 47232K, reserved 1089536K
  class space    used 6155K, capacity 6419K, committed 6528K, reserved 1048576K
}
Event: 188.124 GC heap before
{Heap before GC invocations=25 (full 2):
 PSYoungGen      total 27648K, used 27394K [0x00000000e0000000, 0x00000000e2500000, 0x0000000100000000)
  eden space 24576K, 100% used [0x00000000e0000000,0x00000000e1800000,0x00000000e1800000)
  from space 3072K, 91% used [0x00000000e2200000,0x00000000e24c0848,0x00000000e2500000)
  to   space 5632K, 0% used [0x00000000e1a00000,0x00000000e1a00000,0x00000000e1f80000)
 ParOldGen       total 38912K, used 25075K [0x00000000a0000000, 0x00000000a2600000, 0x00000000e0000000)
  object space 38912K, 64% used [0x00000000a0000000,0x00000000a187cda8,0x00000000a2600000)
 Metaspace       used 46957K, capacity 48332K, committed 48384K, reserved 1091584K
  class space    used 6348K, capacity 6652K, committed 6656K, reserved 1048576K
Event: 188.132 GC heap after
Heap after GC invocations=25 (full 2):
 PSYoungGen      total 27648K, used 3130K [0x00000000e0000000, 0x00000000e2280000, 0x0000000100000000)
  eden space 24064K, 0% used [0x00000000e0000000,0x00000000e0000000,0x00000000e1780000)
  from space 3584K, 87% used [0x00000000e1a00000,0x00000000e1d0ea28,0x00000000e1d80000)
  to   space 5120K, 0% used [0x00000000e1d80000,0x00000000e1d80000,0x00000000e2280000)
 ParOldGen       total 38912K, used 26703K [0x00000000a0000000, 0x00000000a2600000, 0x00000000e0000000)
  object space 38912K, 68% used [0x00000000a0000000,0x00000000a1a13e08,0x00000000a2600000)
 Metaspace       used 46957K, capacity 48332K, committed 48384K, reserved 1091584K
  class space    used 6348K, capacity 6652K, committed 6656K, reserved 1048576K
}

