# JRE version: OpenJDK Runtime Environment (8.0_112-b06) (build 1.8.0_112-release-b06)
# Java VM: OpenJDK 64-Bit Server VM (25.112-b06 mixed mode windows-amd64 compressed oops)
Heap:
 PSYoungGen      total 351744K, used 162876K [0x00000000e0000000, 0x00000000f8980000, 0x0000000100000000)
  eden space 304128K, 53% used [0x00000000e0000000,0x00000000e9f0f1e8,0x00000000f2900000)
  from space 47616K, 0% used [0x00000000f5880000,0x00000000f5880000,0x00000000f8700000)
  to   space 48640K, 0% used [0x00000000f2900000,0x00000000f2900000,0x00000000f5880000)
 ParOldGen       total 186368K, used 186362K [0x00000000a0000000, 0x00000000ab600000, 0x00000000e0000000)
  object space 186368K, 99% used [0x00000000a0000000,0x00000000ab5fea70,0x00000000ab600000)
 Metaspace       used 70988K, capacity 73420K, committed 75520K, reserved 1114112K
  class space    used 8949K, capacity 9518K, committed 9984K, reserved 1048576K
GC Heap History (10 events):
Event: 1472.522 GC heap before
{Heap before GC invocations=37 (full 5):
 PSYoungGen      total 238592K, used 199680K [0x00000000e0000000, 0x00000000f4700000, 0x0000000100000000)
  eden space 199680K, 100% used [0x00000000e0000000,0x00000000ec300000,0x00000000ec300000)
  from space 38912K, 0% used [0x00000000ec300000,0x00000000ec300000,0x00000000ee900000)
  to   space 41984K, 0% used [0x00000000f1e00000,0x00000000f1e00000,0x00000000f4700000)
 ParOldGen       total 185856K, used 122887K [0x00000000a0000000, 0x00000000ab580000, 0x00000000e0000000)
  object space 185856K, 66% used [0x00000000a0000000,0x00000000a7801f58,0x00000000ab580000)
 Metaspace       used 72188K, capacity 75310K, committed 75520K, reserved 1114112K
  class space    used 9209K, capacity 9911K, committed 9984K, reserved 1048576K
Event: 1472.588 GC heap after
Heap after GC invocations=37 (full 5):
 PSYoungGen      total 290816K, used 29274K [0x00000000e0000000, 0x00000000f4c00000, 0x0000000100000000)
  eden space 248832K, 0% used [0x00000000e0000000,0x00000000e0000000,0x00000000ef300000)
  from space 41984K, 69% used [0x00000000f1e00000,0x00000000f3a96a80,0x00000000f4700000)
  to   space 44032K, 0% used [0x00000000ef300000,0x00000000ef300000,0x00000000f1e00000)
 ParOldGen       total 185856K, used 122895K [0x00000000a0000000, 0x00000000ab580000, 0x00000000e0000000)
  object space 185856K, 66% used [0x00000000a0000000,0x00000000a7803f58,0x00000000ab580000)
 Metaspace       used 72188K, capacity 75310K, committed 75520K, reserved 1114112K
  class space    used 9209K, capacity 9911K, committed 9984K, reserved 1048576K
}
Event: 1473.469 GC heap before
{Heap before GC invocations=38 (full 5):
 PSYoungGen      total 290816K, used 278106K [0x00000000e0000000, 0x00000000f4c00000, 0x0000000100000000)
  eden space 248832K, 100% used [0x00000000e0000000,0x00000000ef300000,0x00000000ef300000)
  from space 41984K, 69% used [0x00000000f1e00000,0x00000000f3a96a80,0x00000000f4700000)
  to   space 44032K, 0% used [0x00000000ef300000,0x00000000ef300000,0x00000000f1e00000)
 ParOldGen       total 185856K, used 122895K [0x00000000a0000000, 0x00000000ab580000, 0x00000000e0000000)
  object space 185856K, 66% used [0x00000000a0000000,0x00000000a7803f58,0x00000000ab580000)
 Metaspace       used 72191K, capacity 75310K, committed 75520K, reserved 1114112K
  class space    used 9209K, capacity 9911K, committed 9984K, reserved 1048576K
Event: 1473.705 GC heap after
Heap after GC invocations=38 (full 5):
 PSYoungGen      total 292864K, used 35463K [0x00000000e0000000, 0x00000000f8700000, 0x0000000100000000)
  eden space 248832K, 0% used [0x00000000e0000000,0x00000000e0000000,0x00000000ef300000)
  from space 44032K, 80% used [0x00000000ef300000,0x00000000f15a1ca0,0x00000000f1e00000)
  to   space 47616K, 0% used [0x00000000f5880000,0x00000000f5880000,0x00000000f8700000)
 ParOldGen       total 185856K, used 151100K [0x00000000a0000000, 0x00000000ab580000, 0x00000000e0000000)
  object space 185856K, 81% used [0x00000000a0000000,0x00000000a938f160,0x00000000ab580000)
 Metaspace       used 72191K, capacity 75310K, committed 75520K, reserved 1114112K
  class space    used 9209K, capacity 9911K, committed 9984K, reserved 1048576K
}
Event: 1475.275 GC heap before
{Heap before GC invocations=39 (full 5):
 PSYoungGen      total 292864K, used 284295K [0x00000000e0000000, 0x00000000f8700000, 0x0000000100000000)
  eden space 248832K, 100% used [0x00000000e0000000,0x00000000ef300000,0x00000000ef300000)
  from space 44032K, 80% used [0x00000000ef300000,0x00000000f15a1ca0,0x00000000f1e00000)
  to   space 47616K, 0% used [0x00000000f5880000,0x00000000f5880000,0x00000000f8700000)
 ParOldGen       total 185856K, used 151100K [0x00000000a0000000, 0x00000000ab580000, 0x00000000e0000000)
  object space 185856K, 81% used [0x00000000a0000000,0x00000000a938f160,0x00000000ab580000)
 Metaspace       used 72197K, capacity 75310K, committed 75520K, reserved 1114112K
  class space    used 9209K, capacity 9911K, committed 9984K, reserved 1048576K
Event: 1475.462 GC heap after
Heap after GC invocations=39 (full 5):
 PSYoungGen      total 351744K, used 30130K [0x00000000e0000000, 0x00000000f8980000, 0x0000000100000000)
  eden space 304128K, 0% used [0x00000000e0000000,0x00000000e0000000,0x00000000f2900000)
  from space 47616K, 63% used [0x00000000f5880000,0x00000000f75eca80,0x00000000f8700000)
  to   space 48640K, 0% used [0x00000000f2900000,0x00000000f2900000,0x00000000f5880000)
 ParOldGen       total 185856K, used 184484K [0x00000000a0000000, 0x00000000ab580000, 0x00000000e0000000)
  object space 185856K, 99% used [0x00000000a0000000,0x00000000ab4290f0,0x00000000ab580000)
 Metaspace       used 72197K, capacity 75310K, committed 75520K, reserved 1114112K
  class space    used 9209K, capacity 9911K, committed 9984K, reserved 1048576K
}
Event: 1475.462 GC heap before
{Heap before GC invocations=40 (full 6):
 PSYoungGen      total 351744K, used 30130K [0x00000000e0000000, 0x00000000f8980000, 0x0000000100000000)
  eden space 304128K, 0% used [0x00000000e0000000,0x00000000e0000000,0x00000000f2900000)
  from space 47616K, 63% used [0x00000000f5880000,0x00000000f75eca80,0x00000000f8700000)
  to   space 48640K, 0% used [0x00000000f2900000,0x00000000f2900000,0x00000000f5880000)
 ParOldGen       total 185856K, used 184484K [0x00000000a0000000, 0x00000000ab580000, 0x00000000e0000000)
  object space 185856K, 99% used [0x00000000a0000000,0x00000000ab4290f0,0x00000000ab580000)
 Metaspace       used 72197K, capacity 75310K, committed 75520K, reserved 1114112K
  class space    used 9209K, capacity 9911K, committed 9984K, reserved 1048576K
Event: 1477.277 GC heap after
Heap after GC invocations=40 (full 6):
 PSYoungGen      total 351744K, used 24776K [0x00000000e0000000, 0x00000000f8980000, 0x0000000100000000)
  eden space 304128K, 0% used [0x00000000e0000000,0x00000000e0000000,0x00000000f2900000)
  from space 47616K, 52% used [0x00000000f5880000,0x00000000f70b2350,0x00000000f8700000)
  to   space 48640K, 0% used [0x00000000f2900000,0x00000000f2900000,0x00000000f5880000)
 ParOldGen       total 185856K, used 185705K [0x00000000a0000000, 0x00000000ab580000, 0x00000000e0000000)
  object space 185856K, 99% used [0x00000000a0000000,0x00000000ab55a6a8,0x00000000ab580000)
 Metaspace       used 72184K, capacity 75286K, committed 75520K, reserved 1114112K
  class space    used 9206K, capacity 9905K, committed 9984K, reserved 1048576K
}
Event: 1478.408 GC heap before
{Heap before GC invocations=41 (full 7):
 PSYoungGen      total 351744K, used 328904K [0x00000000e0000000, 0x00000000f8980000, 0x0000000100000000)
  eden space 304128K, 100% used [0x00000000e0000000,0x00000000f2900000,0x00000000f2900000)
  from space 47616K, 52% used [0x00000000f5880000,0x00000000f70b2350,0x00000000f8700000)
  to   space 48640K, 0% used [0x00000000f2900000,0x00000000f2900000,0x00000000f5880000)
 ParOldGen       total 186368K, used 186050K [0x00000000a0000000, 0x00000000ab600000, 0x00000000e0000000)
  object space 186368K, 99% used [0x00000000a0000000,0x00000000ab5b0998,0x00000000ab600000)
 Metaspace       used 72194K, capacity 75286K, committed 75520K, reserved 1114112K
  class space    used 9206K, capacity 9905K, committed 9984K, reserved 1048576K
Event: 1479.917 GC heap after
Heap after GC invocations=41 (full 7):
 PSYoungGen      total 351744K, used 55273K [0x00000000e0000000, 0x00000000f8980000, 0x0000000100000000)
  eden space 304128K, 18% used [0x00000000e0000000,0x00000000e35fa630,0x00000000f2900000)
  from space 47616K, 0% used [0x00000000f5880000,0x00000000f5880000,0x00000000f8700000)
  to   space 48640K, 0% used [0x00000000f2900000,0x00000000f2900000,0x00000000f5880000)
 ParOldGen       total 186368K, used 186362K [0x00000000a0000000, 0x00000000ab600000, 0x00000000e0000000)
  object space 186368K, 99% used [0x00000000a0000000,0x00000000ab5fea70,0x00000000ab600000)
 Metaspace       used 70987K, capacity 73420K, committed 75520K, reserved 1114112K
  class space    used 8949K, capacity 9518K, committed 9984K, reserved 1048576K
}

