# JRE version: OpenJDK Runtime Environment (8.0_112-b06) (build 1.8.0_112-release-b06)
# Java VM: OpenJDK 64-Bit Server VM (25.112-b06 mixed mode windows-amd64 compressed oops)
Heap:
 PSYoungGen      total 363520K, used 319248K [0x00000000e0000000, 0x00000000f9d80000, 0x0000000100000000)
  eden space 318464K, 87% used [0x00000000e0000000,0x00000000f0f07af8,0x00000000f3700000)
  from space 45056K, 92% used [0x00000000f6900000,0x00000000f91bc578,0x00000000f9500000)
  to   space 51200K, 0% used [0x00000000f3700000,0x00000000f3700000,0x00000000f6900000)
 ParOldGen       total 140288K, used 75070K [0x00000000a0000000, 0x00000000a8900000, 0x00000000e0000000)
  object space 140288K, 53% used [0x00000000a0000000,0x00000000a494f978,0x00000000a8900000)
 Metaspace       used 78373K, capacity 81242K, committed 82688K, reserved 1122304K
  class space    used 9743K, capacity 10189K, committed 10752K, reserved 1048576K
GC Heap History (10 events):
Event: 3209.986 GC heap before
{Heap before GC invocations=35 (full 5):
 PSYoungGen      total 259584K, used 210790K [0x00000000e0000000, 0x00000000f6880000, 0x0000000100000000)
  eden space 214528K, 98% used [0x00000000e0000000,0x00000000ecdd9898,0x00000000ed180000)
  from space 45056K, 0% used [0x00000000ed180000,0x00000000ed180000,0x00000000efd80000)
  to   space 50176K, 0% used [0x00000000f3780000,0x00000000f3780000,0x00000000f6880000)
 ParOldGen       total 140288K, used 69158K [0x00000000a0000000, 0x00000000a8900000, 0x00000000e0000000)
  object space 140288K, 49% used [0x00000000a0000000,0x00000000a4389928,0x00000000a8900000)
 Metaspace       used 77144K, capacity 79530K, committed 81920K, reserved 1120256K
  class space    used 9628K, capacity 10016K, committed 10752K, reserved 1048576K
Event: 3209.997 GC heap after
Heap after GC invocations=35 (full 5):
 PSYoungGen      total 315904K, used 10722K [0x00000000e0000000, 0x00000000f6580000, 0x0000000100000000)
  eden space 268800K, 0% used [0x00000000e0000000,0x00000000e0000000,0x00000000f0680000)
  from space 47104K, 22% used [0x00000000f3780000,0x00000000f41f89c8,0x00000000f6580000)
  to   space 48640K, 0% used [0x00000000f0680000,0x00000000f0680000,0x00000000f3600000)
 ParOldGen       total 140288K, used 69166K [0x00000000a0000000, 0x00000000a8900000, 0x00000000e0000000)
  object space 140288K, 49% used [0x00000000a0000000,0x00000000a438b928,0x00000000a8900000)
 Metaspace       used 77144K, capacity 79530K, committed 81920K, reserved 1120256K
  class space    used 9628K, capacity 10016K, committed 10752K, reserved 1048576K
}
Event: 3210.337 GC heap before
{Heap before GC invocations=36 (full 5):
 PSYoungGen      total 315904K, used 278995K [0x00000000e0000000, 0x00000000f6580000, 0x0000000100000000)
  eden space 268800K, 99% used [0x00000000e0000000,0x00000000f05fc248,0x00000000f0680000)
  from space 47104K, 22% used [0x00000000f3780000,0x00000000f41f89c8,0x00000000f6580000)
  to   space 48640K, 0% used [0x00000000f0680000,0x00000000f0680000,0x00000000f3600000)
 ParOldGen       total 140288K, used 69166K [0x00000000a0000000, 0x00000000a8900000, 0x00000000e0000000)
  object space 140288K, 49% used [0x00000000a0000000,0x00000000a438b928,0x00000000a8900000)
 Metaspace       used 77184K, capacity 79552K, committed 81920K, reserved 1120256K
  class space    used 9631K, capacity 10021K, committed 10752K, reserved 1048576K
Event: 3210.348 GC heap after
Heap after GC invocations=36 (full 5):
 PSYoungGen      total 317440K, used 11878K [0x00000000e0000000, 0x00000000f6580000, 0x0000000100000000)
  eden space 268800K, 0% used [0x00000000e0000000,0x00000000e0000000,0x00000000f0680000)
  from space 48640K, 24% used [0x00000000f0680000,0x00000000f1219828,0x00000000f3600000)
  to   space 47104K, 0% used [0x00000000f3780000,0x00000000f3780000,0x00000000f6580000)
 ParOldGen       total 140288K, used 71138K [0x00000000a0000000, 0x00000000a8900000, 0x00000000e0000000)
  object space 140288K, 50% used [0x00000000a0000000,0x00000000a4578988,0x00000000a8900000)
 Metaspace       used 77184K, capacity 79552K, committed 81920K, reserved 1120256K
  class space    used 9631K, capacity 10021K, committed 10752K, reserved 1048576K
}
Event: 4050.044 GC heap before
{Heap before GC invocations=37 (full 5):
 PSYoungGen      total 317440K, used 280678K [0x00000000e0000000, 0x00000000f6580000, 0x0000000100000000)
  eden space 268800K, 100% used [0x00000000e0000000,0x00000000f0680000,0x00000000f0680000)
  from space 48640K, 24% used [0x00000000f0680000,0x00000000f1219828,0x00000000f3600000)
  to   space 47104K, 0% used [0x00000000f3780000,0x00000000f3780000,0x00000000f6580000)
 ParOldGen       total 140288K, used 71138K [0x00000000a0000000, 0x00000000a8900000, 0x00000000e0000000)
  object space 140288K, 50% used [0x00000000a0000000,0x00000000a4578988,0x00000000a8900000)
 Metaspace       used 77759K, capacity 80466K, committed 82176K, reserved 1120256K
  class space    used 9699K, capacity 10127K, committed 10752K, reserved 1048576K
Event: 4050.162 GC heap after
Heap after GC invocations=37 (full 5):
 PSYoungGen      total 320512K, used 21404K [0x00000000e0000000, 0x00000000f9e80000, 0x0000000100000000)
  eden space 273408K, 0% used [0x00000000e0000000,0x00000000e0000000,0x00000000f0b00000)
  from space 47104K, 45% used [0x00000000f3780000,0x00000000f4c67398,0x00000000f6580000)
  to   space 45568K, 0% used [0x00000000f0b00000,0x00000000f0b00000,0x00000000f3780000)
 ParOldGen       total 140288K, used 71677K [0x00000000a0000000, 0x00000000a8900000, 0x00000000e0000000)
  object space 140288K, 51% used [0x00000000a0000000,0x00000000a45ff560,0x00000000a8900000)
 Metaspace       used 77759K, capacity 80466K, committed 82176K, reserved 1120256K
  class space    used 9699K, capacity 10127K, committed 10752K, reserved 1048576K
}
Event: 5633.299 GC heap before
{Heap before GC invocations=38 (full 5):
 PSYoungGen      total 320512K, used 294812K [0x00000000e0000000, 0x00000000f9e80000, 0x0000000100000000)
  eden space 273408K, 100% used [0x00000000e0000000,0x00000000f0b00000,0x00000000f0b00000)
  from space 47104K, 45% used [0x00000000f3780000,0x00000000f4c67398,0x00000000f6580000)
  to   space 45568K, 0% used [0x00000000f0b00000,0x00000000f0b00000,0x00000000f3780000)
 ParOldGen       total 140288K, used 71677K [0x00000000a0000000, 0x00000000a8900000, 0x00000000e0000000)
  object space 140288K, 51% used [0x00000000a0000000,0x00000000a45ff560,0x00000000a8900000)
 Metaspace       used 77812K, capacity 80548K, committed 82176K, reserved 1120256K
  class space    used 9701K, capacity 10130K, committed 10752K, reserved 1048576K
Event: 5633.380 GC heap after
Heap after GC invocations=38 (full 5):
 PSYoungGen      total 318976K, used 4724K [0x00000000e0000000, 0x00000000f9500000, 0x0000000100000000)
  eden space 273408K, 0% used [0x00000000e0000000,0x00000000e0000000,0x00000000f0b00000)
  from space 45568K, 10% used [0x00000000f0b00000,0x00000000f0f9d1f0,0x00000000f3780000)
  to   space 45056K, 0% used [0x00000000f6900000,0x00000000f6900000,0x00000000f9500000)
 ParOldGen       total 140288K, used 75022K [0x00000000a0000000, 0x00000000a8900000, 0x00000000e0000000)
  object space 140288K, 53% used [0x00000000a0000000,0x00000000a4943978,0x00000000a8900000)
 Metaspace       used 77812K, capacity 80548K, committed 82176K, reserved 1120256K
  class space    used 9701K, capacity 10130K, committed 10752K, reserved 1048576K
}
Event: 5718.681 GC heap before
{Heap before GC invocations=39 (full 5):
 PSYoungGen      total 318976K, used 278132K [0x00000000e0000000, 0x00000000f9500000, 0x0000000100000000)
  eden space 273408K, 100% used [0x00000000e0000000,0x00000000f0b00000,0x00000000f0b00000)
  from space 45568K, 10% used [0x00000000f0b00000,0x00000000f0f9d1f0,0x00000000f3780000)
  to   space 45056K, 0% used [0x00000000f6900000,0x00000000f6900000,0x00000000f9500000)
 ParOldGen       total 140288K, used 75022K [0x00000000a0000000, 0x00000000a8900000, 0x00000000e0000000)
  object space 140288K, 53% used [0x00000000a0000000,0x00000000a4943978,0x00000000a8900000)
 Metaspace       used 78161K, capacity 80872K, committed 82432K, reserved 1120256K
  class space    used 9725K, capacity 10166K, committed 10752K, reserved 1048576K
Event: 5718.714 GC heap after
Heap after GC invocations=39 (full 5):
 PSYoungGen      total 363520K, used 41713K [0x00000000e0000000, 0x00000000f9d80000, 0x0000000100000000)
  eden space 318464K, 0% used [0x00000000e0000000,0x00000000e0000000,0x00000000f3700000)
  from space 45056K, 92% used [0x00000000f6900000,0x00000000f91bc578,0x00000000f9500000)
  to   space 51200K, 0% used [0x00000000f3700000,0x00000000f3700000,0x00000000f6900000)
 ParOldGen       total 140288K, used 75070K [0x00000000a0000000, 0x00000000a8900000, 0x00000000e0000000)
  object space 140288K, 53% used [0x00000000a0000000,0x00000000a494f978,0x00000000a8900000)
 Metaspace       used 78161K, capacity 80872K, committed 82432K, reserved 1120256K
  class space    used 9725K, capacity 10166K, committed 10752K, reserved 1048576K
}

